<?xml version="1.0" encoding="UTF-8"?>
<testng-results ignored="0" total="1" passed="1" failed="0" skipped="0">
  <reporter-output>
  </reporter-output>
  <suite started-at="2022-10-04T09:39:55 GMT-08:00" name="Default suite" finished-at="2022-10-04T09:40:12 GMT-08:00" duration-ms="16802">
    <groups>
    </groups>
    <test started-at="2022-10-04T09:39:55 GMT-08:00" name="Default test" finished-at="2022-10-04T09:40:12 GMT-08:00" duration-ms="16802">
      <class name="trial.PolcyBazarCountryCode">
        <test-method is-config="true" signature="Setup()[pri:0, instance:trial.PolcyBazarCountryCode@35aea049]" started-at="2022-10-04T09:39:55 GMT-08:00" name="Setup" finished-at="2022-10-04T09:40:02 GMT-08:00" duration-ms="7336" status="PASS">
          <reporter-output>
          </reporter-output>
        </test-method> <!-- Setup -->
        <test-method signature="dropDown()[pri:0, instance:trial.PolcyBazarCountryCode@35aea049]" started-at="2022-10-04T09:40:02 GMT-08:00" name="dropDown" finished-at="2022-10-04T09:40:11 GMT-08:00" duration-ms="9202" status="PASS">
          <reporter-output>
          </reporter-output>
        </test-method> <!-- dropDown -->
        <test-method is-config="true" signature="teardown()[pri:0, instance:trial.PolcyBazarCountryCode@35aea049]" started-at="2022-10-04T09:40:12 GMT-08:00" name="teardown" finished-at="2022-10-04T09:40:12 GMT-08:00" duration-ms="190" status="PASS">
          <reporter-output>
          </reporter-output>
        </test-method> <!-- teardown -->
      </class> <!-- trial.PolcyBazarCountryCode -->
    </test> <!-- Default test -->
  </suite> <!-- Default suite -->
</testng-results>
